# JRE version: Java(TM) SE Runtime Environment (7.0_79-b15) (build 1.7.0_79-b15)
# Java VM: Java HotSpot(TM) 64-Bit Server VM (24.79-b02 mixed mode bsd-amd64 compressed oops)
Heap
 PSYoungGen      total 76800K, used 35782K [0x00000007aaa80000, 0x00000007b4080000, 0x0000000800000000)
  eden space 66048K, 37% used [0x00000007aaa80000,0x00000007ac2f7580,0x00000007aeb00000)
  from space 10752K, 99% used [0x00000007b3600000,0x00000007b407a598,0x00000007b4080000)
  to   space 10752K, 0% used [0x00000007aeb00000,0x00000007aeb00000,0x00000007af580000)
 ParOldGen       total 174592K, used 15695K [0x0000000700000000, 0x000000070aa80000, 0x00000007aaa80000)
  object space 174592K, 8% used [0x0000000700000000,0x0000000700f53ca0,0x000000070aa80000)
 PSPermGen       total 24064K, used 23632K [0x00000006fae00000, 0x00000006fc580000, 0x0000000700000000)
  object space 24064K, 98% used [0x00000006fae00000,0x00000006fc5143c8,0x00000006fc580000)
GC Heap History (4 events):
Event: 1.047 GC heap before
{Heap before GC invocations=1 (full 0):
 PSYoungGen      total 76800K, used 66048K [0x00000007aaa80000, 0x00000007b0000000, 0x0000000800000000)
  eden space 66048K, 100% used [0x00000007aaa80000,0x00000007aeb00000,0x00000007aeb00000)
  from space 10752K, 0% used [0x00000007af580000,0x00000007af580000,0x00000007b0000000)
  to   space 10752K, 0% used [0x00000007aeb00000,0x00000007aeb00000,0x00000007af580000)
 ParOldGen       total 174592K, used 0K [0x0000000700000000, 0x000000070aa80000, 0x00000007aaa80000)
  object space 174592K, 0% used [0x0000000700000000,0x0000000700000000,0x000000070aa80000)
 PSPermGen       total 21504K, used 15185K [0x00000006fae00000, 0x00000006fc300000, 0x0000000700000000)
  object space 21504K, 70% used [0x00000006fae00000,0x00000006fbcd4538,0x00000006fc300000)
Event: 1.059 GC heap after
Heap after GC invocations=1 (full 0):
 PSYoungGen      total 76800K, used 10740K [0x00000007aaa80000, 0x00000007b4080000, 0x0000000800000000)
  eden space 66048K, 0% used [0x00000007aaa80000,0x00000007aaa80000,0x00000007aeb00000)
  from space 10752K, 99% used [0x00000007aeb00000,0x00000007af57d328,0x00000007af580000)
  to   space 10752K, 0% used [0x00000007b3600000,0x00000007b3600000,0x00000007b4080000)
 ParOldGen       total 174592K, used 4941K [0x0000000700000000, 0x000000070aa80000, 0x00000007aaa80000)
  object space 174592K, 2% used [0x0000000700000000,0x00000007004d35f8,0x000000070aa80000)
 PSPermGen       total 21504K, used 15185K [0x00000006fae00000, 0x00000006fc300000, 0x0000000700000000)
  object space 21504K, 70% used [0x00000006fae00000,0x00000006fbcd4538,0x00000006fc300000)
}
Event: 143.318 GC heap before
{Heap before GC invocations=2 (full 0):
 PSYoungGen      total 76800K, used 76788K [0x00000007aaa80000, 0x00000007b4080000, 0x0000000800000000)
  eden space 66048K, 100% used [0x00000007aaa80000,0x00000007aeb00000,0x00000007aeb00000)
  from space 10752K, 99% used [0x00000007aeb00000,0x00000007af57d328,0x00000007af580000)
  to   space 10752K, 0% used [0x00000007b3600000,0x00000007b3600000,0x00000007b4080000)
 ParOldGen       total 174592K, used 4941K [0x0000000700000000, 0x000000070aa80000, 0x00000007aaa80000)
  object space 174592K, 2% used [0x0000000700000000,0x00000007004d35f8,0x000000070aa80000)
 PSPermGen       total 23552K, used 23320K [0x00000006fae00000, 0x00000006fc500000, 0x0000000700000000)
  object space 23552K, 99% used [0x00000006fae00000,0x00000006fc4c6190,0x00000006fc500000)
Event: 143.332 GC heap after
Heap after GC invocations=2 (full 0):
 PSYoungGen      total 76800K, used 10729K [0x00000007aaa80000, 0x00000007b4080000, 0x0000000800000000)
  eden space 66048K, 0% used [0x00000007aaa80000,0x00000007aaa80000,0x00000007aeb00000)
  from space 10752K, 99% used [0x00000007b3600000,0x00000007b407a598,0x00000007b4080000)
  to   space 10752K, 0% used [0x00000007aeb00000,0x00000007aeb00000,0x00000007af580000)
 ParOldGen       total 174592K, used 15695K [0x0000000700000000, 0x000000070aa80000, 0x00000007aaa80000)
  object space 174592K, 8% used [0x0000000700000000,0x0000000700f53ca0,0x000000070aa80000)
 PSPermGen       total 23552K, used 23320K [0x00000006fae00000, 0x00000006fc500000, 0x0000000700000000)
  object space 23552K, 99% used [0x00000006fae00000,0x00000006fc4c6190,0x00000006fc500000)
}

